mkdir: cannot create directory ‘/users/s/s/sstover/projects/eco_genomics_2025/population_genomics/mydata/ANGSD’: File exists
	-> angsd version: 0.935 (htslib: 1.19.1) build(Dec 18 2024 17:12:57)
	-> angsd -b /users/s/s/sstover/projects/eco_genomics_2025/population_genomics/mydata/ANGSD/2505_bam.list -ref /gpfs1/cl/ecogen/pbio6800/PopulationGenomics/ref_genome/Pmariana/Pmariana1.0-genome_reduced.fa -anc /gpfs1/cl/ecogen/pbio6800/PopulationGenomics/ref_genome/Pmariana/Pmariana1.0-genome_reduced.fa -out /users/s/s/sstover/projects/eco_genomics_2025/population_genomics/mydata/ANGSD/2505_ALL -nThreads 10 -remove_bads 1 -C 50 -baq 1 -minMapQ 20 -minQ 20 -GL 2 -doSaf 1 -doCounts 1 -minInd 4 -setMinDepthInd 1 -setMaxDepthInd 40 -setMinDepth 10 -skipTriallelic 1 -doMajorMinor 4 
	-> Inputtype is BAM/CRAM
[multiReader] 8 samples in 8 input files
	-> Reading fasta: /gpfs1/cl/ecogen/pbio6800/PopulationGenomics/ref_genome/Pmariana/Pmariana1.0-genome_reduced.fa
	-> Reading fasta: /gpfs1/cl/ecogen/pbio6800/PopulationGenomics/ref_genome/Pmariana/Pmariana1.0-genome_reduced.fa
	-> Parsing 8 number of samples 
No data for chromoId=5 chromoname=JASDQU010005130.1
This could either indicate that there really is no data for this chromosome
Or it could be problem with this program regSize=0 notDone=8
No data for chromoId=21 chromoname=JASDQU010006676.1
This could either indicate that there really is no data for this chromosome
Or it could be problem with this program regSize=0 notDone=8
No data for chromoId=26 chromoname=JASDQU010007516.1
This could either indicate that there really is no data for this chromosome
Or it could be problem with this program regSize=0 notDone=8
	-> Printing at chr: JASDQU010009742.1 pos:4068 chunknumber 100 contains 153 sites
	-> Printing at chr: JASDQU010010112.1 pos:11334 chunknumber 200 contains 5440 sites
	-> Printing at chr: JASDQU010010227.1 pos:73534 chunknumber 300 contains 14075 sites
	-> Printing at chr: JASDQU010010323.1 pos:383954 chunknumber 400 contains 180 sites
	-> Printing at chr: JASDQU010010483.1 pos:233981 chunknumber 500 contains 185 sites
	-> Printing at chr: JASDQU010010609.1 pos:126553 chunknumber 600 contains 2548 sites
	-> Printing at chr: JASDQU010010724.1 pos:3865 chunknumber 700 contains 3091 sites
	-> Printing at chr: JASDQU010010880.1 pos:123204 chunknumber 800 contains 361 sites
	-> Printing at chr: JASDQU010011012.1 pos:190122 chunknumber 900 contains 555 sites
